FILE_TYPE=LIBRARY_PARTS;
PRIMITIVE 'ROX3SJ33R','ROX3SJ33R_Resistors, Axial Diameter Horizontal Mounting';
  PIN
    '1':
      PIN_NUMBER='(1)';
      NO_LOAD_CHECK=BOTH;
      NO_IO_CHECK=BOTH;
      ALLOW_CONNECT=TRUE;
      PINUSE='UNSPEC';
    '2':
      PIN_NUMBER='(2)';
      NO_LOAD_CHECK=BOTH;
      NO_IO_CHECK=BOTH;
      ALLOW_CONNECT=TRUE;
      PINUSE='UNSPEC';
  END_PIN;
  BODY
    PART_NAME='ROX3SJ33R';
    PHYS_DES_PREFIX='R';
    NO_LOAD_CHECK='TRUE';
    PIN_COUNT='2';
    BODY_NAME='ROX3SJ33R';
    JEDEC_TYPE='RESAD3700W80L1500D550';
  END_BODY;
END_PRIMITIVE;
END.
