FILE_TYPE=LIBRARY_PARTS;
PRIMITIVE 'RSF1JT1K00','RSF1JT1K00_Resistors, Axial Diameter Horizontal Mounting';
  PIN
    '1':
      PIN_NUMBER='(1)';
      NO_LOAD_CHECK=BOTH;
      NO_IO_CHECK=BOTH;
      ALLOW_CONNECT=TRUE;
      PINUSE='UNSPEC';
    '2':
      PIN_NUMBER='(2)';
      NO_LOAD_CHECK=BOTH;
      NO_IO_CHECK=BOTH;
      ALLOW_CONNECT=TRUE;
      PINUSE='UNSPEC';
  END_PIN;
  BODY
    PART_NAME='RSF1JT1K00';
    PHYS_DES_PREFIX='R';
    NO_LOAD_CHECK='TRUE';
    PIN_COUNT='2';
    BODY_NAME='RSF1JT1K00';
    JEDEC_TYPE='RESAD2900W85L1100D450';
  END_BODY;
END_PRIMITIVE;
END.
